-------------------------------------------------------------------------------
Test set: com.crm.qa.testcases.LoginPageTest
-------------------------------------------------------------------------------
Tests run: 9, Failures: 1, Errors: 0, Skipped: 8, Time elapsed: 2.283 sec <<< FAILURE!
setup(com.crm.qa.testcases.LoginPageTest)  Time elapsed: 1.713 sec  <<< FAILURE!
java.lang.NullPointerException
	at com.crm.qa.base.TestBase.initialiazation(TestBase.java:37)
	at com.crm.qa.testcases.LoginPageTest.setup(LoginPageTest.java:26)

